#
# There is insufficient memory for the Java Runtime Environment to continue.
# Native memory allocation (mmap) failed to map 98566144 bytes for G1 virtual space
# Possible reasons:
#   The system is out of physical RAM or swap space
#   The process is running with CompressedOops enabled, and the Java Heap may be blocking the growth of the native heap
# Possible solutions:
#   Reduce memory load on the system
#   Increase physical memory or swap space
#   Check if swap backing store is full
#   Decrease Java heap size (-Xmx/-Xms)
#   Decrease number of Java threads
#   Decrease Java thread stack sizes (-Xss)
#   Set larger code cache with -XX:ReservedCodeCacheSize=
#   JVM is running with Unscaled Compressed Oops mode in which the Java heap is
#     placed in the first 4GB address space. The Java Heap base address is the
#     maximum limit for the native heap growth. Please use -XX:HeapBaseMinAddress
#     to set the Java Heap base and to place the Java Heap above 4GB virtual address.
# This output file may be truncated or incomplete.
#
#  Out of Memory Error (./open/src/hotspot/os/windows/os_windows.cpp:3321), pid=11448, tid=12332
#
# JRE version:  (15.0.2+7) (build )
# Java VM: Java HotSpot(TM) 64-Bit Server VM (15.0.2+7-27, mixed mode, sharing, tiered, compressed oops, g1 gc, windows-amd64)
# No core dump will be written. Minidumps are not enabled by default on client versions of Windows
#

---------------  S U M M A R Y ------------

Command Line: -Dclassworlds.conf=E:\NetBeans\NetBeans-12.0\netbeans\java\maven\bin\..\bin\m2.conf -Dmaven.home=E:\NetBeans\NetBeans-12.0\netbeans\java\maven\bin\.. -Dlibrary.jansi.path=E:\NetBeans\NetBeans-12.0\netbeans\java\maven\bin\..\lib\jansi-native -Dmaven.multiModuleProjectDirectory=E:\Proyectos_JAVA\FEGPA org.codehaus.plexus.classworlds.launcher.Launcher -Dmaven.ext.class.path=E:\NetBeans\NetBeans-12.0\netbeans\java\maven-nblib\netbeans-eventspy.jar -Dfile.encoding=UTF-8 clean install

Host: Intel(R) Core(TM) i5 CPU       M 520  @ 2.40GHz, 4 cores, 5G,  Windows 10 , 64 bit Build 19041 (10.0.19041.928)
Time: Wed Dec 15 01:26:28 2021 Hora est. Pacífico, Sudamérica elapsed time: 0.023437 seconds (0d 0h 0m 0s)

---------------  T H R E A D  ---------------

Current thread (0x000001ce2ee9a000):  JavaThread "Unknown thread" [_thread_in_vm, id=12332, stack(0x00000015f5f00000,0x00000015f6000000)]

Stack: [0x00000015f5f00000,0x00000015f6000000]
Native frames: (J=compiled Java code, j=interpreted, Vv=VM code, C=native code)
V  [jvm.dll+0x62ae9a]
V  [jvm.dll+0x7817a9]
V  [jvm.dll+0x782f03]
V  [jvm.dll+0x783563]
V  [jvm.dll+0x216325]
V  [jvm.dll+0x6281d9]
V  [jvm.dll+0x61cf55]
V  [jvm.dll+0x2cffdd]
V  [jvm.dll+0x2cfe42]
V  [jvm.dll+0x2d5e1c]
V  [jvm.dll+0x32590a]
V  [jvm.dll+0x324fd4]
V  [jvm.dll+0x2a6f5a]
V  [jvm.dll+0x2a80f8]
V  [jvm.dll+0x75e241]
V  [jvm.dll+0x3341c4]
V  [jvm.dll+0x73e926]
V  [jvm.dll+0x3b7557]
V  [jvm.dll+0x3b8fe1]
C  [jli.dll+0x52fb]
C  [ucrtbase.dll+0x21bb2]
C  [KERNEL32.DLL+0x17034]
C  [ntdll.dll+0x52651]


---------------  P R O C E S S  ---------------

Threads class SMR info:
_java_thread_list=0x00007ffeb75a4ff0, length=0, elements={
}

Java Threads: ( => current thread )

Other Threads:
  0x000001ce2eed0380 GCTaskThread "GC Thread#0" [stack: 0x00000015f6000000,0x00000015f6100000] [id=5940]
  0x000001ce2eedcfe0 ConcurrentGCThread "G1 Main Marker" [stack: 0x00000015f6100000,0x00000015f6200000] [id=14864]
  0x000001ce2eedf280 ConcurrentGCThread "G1 Conc#0" [stack: 0x00000015f6200000,0x00000015f6300000] [id=7220]

[error occurred during error reporting (printing all threads), id 0xc0000005, EXCEPTION_ACCESS_VIOLATION (0xc0000005) at pc=0x00007ffeb6d97e27]

VM state: not at safepoint (not fully initialized)

VM Mutex/Monitor currently owned by a thread:  ([mutex/lock_event])
[0x000001ce2ee95a80] Heap_lock - owner thread: 0x000001ce2ee9a000

Heap address: 0x00000000a3200000, size: 1486 MB, Compressed Oops mode: 32-bit
CDS archive(s) mapped at: [0x0000000000000000-0x0000000000000000-0x0000000000000000), size 0, SharedBaseAddress: 0x0000000800000000, ArchiveRelocationMode: 0.
Narrow klass base: 0x0000000000000000, Narrow klass shift: 0, Narrow klass range: 0x0

Heap:
 garbage-first heap   total 96256K, used 0K [0x00000000a3200000, 0x0000000100000000)
  region size 1024K, 0 young (0K), 0 survivors (0K)
 Metaspace       used 0K, capacity 0K, committed 0K, reserved 0K
  class space    used 0K, capacity 0K, committed 0K, reserved 0K

Heap Regions: E=young(eden), S=young(survivor), O=old, HS=humongous(starts), HC=humongous(continues), CS=collection set, F=free, OA=open archive, CA=closed archive, TAMS=top-at-mark-start (previous, next)

Card table byte_map: [0x000001ce481e0000,0x000001ce484d0000] _byte_map_base: 0x000001ce47cc7000

Marking Bits (Prev, Next): (CMBitMap*) 0x000001ce2eed0af0, (CMBitMap*) 0x000001ce2eed0b30
 Prev Bits: [0x000001ce487c0000, 0x000001ce49ef8000)
 Next Bits: [0x000001ce49f00000, 0x000001ce4b638000)

GC Heap History (0 events):
No events

Deoptimization events (0 events):
No events

Classes unloaded (0 events):
No events

Classes redefined (0 events):
No events

Internal exceptions (0 events):
No events

Events (1 events):
Event: 0.015 Loaded shared library E:\jdk-15.0.2\bin\java.dll


Dynamic libraries:
0x00007ff7faab0000 - 0x00007ff7faabf000 	E:\jdk-15.0.2\bin\java.exe
0x00007fff136b0000 - 0x00007fff138a5000 	C:\WINDOWS\SYSTEM32\ntdll.dll
0x00007fff05d90000 - 0x00007fff05da6000 	C:\Program Files\Avast Software\Avast\aswhook.dll
0x00007fff11f20000 - 0x00007fff11fdd000 	C:\WINDOWS\System32\KERNEL32.DLL
0x00007fff114d0000 - 0x00007fff11798000 	C:\WINDOWS\System32\KERNELBASE.dll
0x00007fff10f50000 - 0x00007fff11050000 	C:\WINDOWS\System32\ucrtbase.dll
0x00007ffefede0000 - 0x00007ffefedf9000 	E:\jdk-15.0.2\bin\VCRUNTIME140.dll
0x00007fff0c840000 - 0x00007fff0c858000 	E:\jdk-15.0.2\bin\jli.dll
0x00007fff13350000 - 0x00007fff133fc000 	C:\WINDOWS\System32\ADVAPI32.dll
0x00007fff131e0000 - 0x00007fff1327e000 	C:\WINDOWS\System32\msvcrt.dll
0x00007fff130e0000 - 0x00007fff1317b000 	C:\WINDOWS\System32\sechost.dll
0x00007fff12650000 - 0x00007fff1277b000 	C:\WINDOWS\System32\RPCRT4.dll
0x00007fff12f40000 - 0x00007fff130e0000 	C:\WINDOWS\System32\USER32.dll
0x00007fff114a0000 - 0x00007fff114c2000 	C:\WINDOWS\System32\win32u.dll
0x00007ffefba90000 - 0x00007ffefbd2a000 	C:\WINDOWS\WinSxS\amd64_microsoft.windows.common-controls_6595b64144ccf1df_6.0.19041.844_none_ca00b6081b84eb1d\COMCTL32.dll
0x00007fff13400000 - 0x00007fff1342a000 	C:\WINDOWS\System32\GDI32.dll
0x00007fff112b0000 - 0x00007fff113bb000 	C:\WINDOWS\System32\gdi32full.dll
0x00007fff10eb0000 - 0x00007fff10f4d000 	C:\WINDOWS\System32\msvcp_win.dll
0x00007fff07130000 - 0x00007fff0713a000 	C:\WINDOWS\SYSTEM32\VERSION.dll
0x00007fff12410000 - 0x00007fff12440000 	C:\WINDOWS\System32\IMM32.DLL
0x00007fff0c860000 - 0x00007fff0c86c000 	E:\jdk-15.0.2\bin\vcruntime140_1.dll
0x00007ffee05b0000 - 0x00007ffee0641000 	E:\jdk-15.0.2\bin\msvcp140.dll
0x00007ffeb6ae0000 - 0x00007ffeb763e000 	E:\jdk-15.0.2\bin\server\jvm.dll
0x00007fff13660000 - 0x00007fff13668000 	C:\WINDOWS\System32\PSAPI.DLL
0x00007ffefbd30000 - 0x00007ffefbd57000 	C:\WINDOWS\SYSTEM32\WINMM.dll
0x00007fff02860000 - 0x00007fff02869000 	C:\WINDOWS\SYSTEM32\WSOCK32.dll
0x00007fff12780000 - 0x00007fff127eb000 	C:\WINDOWS\System32\WS2_32.dll
0x00007fff0ee60000 - 0x00007fff0ee72000 	C:\WINDOWS\SYSTEM32\kernel.appcore.dll
0x00007fff0c830000 - 0x00007fff0c83a000 	E:\jdk-15.0.2\bin\jimage.dll
0x00007fff06c30000 - 0x00007fff06e14000 	C:\WINDOWS\SYSTEM32\DBGHELP.DLL
0x00007fff06c00000 - 0x00007fff06c2c000 	C:\WINDOWS\SYSTEM32\dbgcore.DLL
0x00007fff11420000 - 0x00007fff114a0000 	C:\WINDOWS\System32\bcryptPrimitives.dll
0x00007ffefed70000 - 0x00007ffefed95000 	E:\jdk-15.0.2\bin\java.dll

dbghelp: loaded successfully - version: 4.0.5 - missing functions: none
symbol engine: initialized successfully - sym options: 0x614 - pdb path: .;E:\jdk-15.0.2\bin;C:\WINDOWS\SYSTEM32;C:\Program Files\Avast Software\Avast;C:\WINDOWS\WinSxS\amd64_microsoft.windows.common-controls_6595b64144ccf1df_6.0.19041.844_none_ca00b6081b84eb1d;E:\jdk-15.0.2\bin\server

VM Arguments:
jvm_args: -Dclassworlds.conf=E:\NetBeans\NetBeans-12.0\netbeans\java\maven\bin\..\bin\m2.conf -Dmaven.home=E:\NetBeans\NetBeans-12.0\netbeans\java\maven\bin\.. -Dlibrary.jansi.path=E:\NetBeans\NetBeans-12.0\netbeans\java\maven\bin\..\lib\jansi-native -Dmaven.multiModuleProjectDirectory=E:\Proyectos_JAVA\FEGPA 
java_command: org.codehaus.plexus.classworlds.launcher.Launcher -Dmaven.ext.class.path=E:\NetBeans\NetBeans-12.0\netbeans\java\maven-nblib\netbeans-eventspy.jar -Dfile.encoding=UTF-8 clean install
java_class_path (initial): E:\NetBeans\NetBeans-12.0\netbeans\java\maven\bin\..\boot\plexus-classworlds-2.6.0.jar
Launcher Type: SUN_STANDARD

[Global flags]
     intx CICompilerCount                          = 3                                         {product} {ergonomic}
     uint ConcGCThreads                            = 1                                         {product} {ergonomic}
     uint G1ConcRefinementThreads                  = 4                                         {product} {ergonomic}
   size_t G1HeapRegionSize                         = 1048576                                   {product} {ergonomic}
    uintx GCDrainStackTargetSize                   = 64                                        {product} {ergonomic}
   size_t InitialHeapSize                          = 98566144                                  {product} {ergonomic}
   size_t MarkStackSize                            = 4194304                                   {product} {ergonomic}
   size_t MaxHeapSize                              = 1558183936                                {product} {ergonomic}
   size_t MinHeapDeltaBytes                        = 1048576                                   {product} {ergonomic}
   size_t MinHeapSize                              = 8388608                                   {product} {ergonomic}
    uintx NonNMethodCodeHeapSize                   = 5832780                                {pd product} {ergonomic}
    uintx NonProfiledCodeHeapSize                  = 122912730                              {pd product} {ergonomic}
    uintx ProfiledCodeHeapSize                     = 122912730                              {pd product} {ergonomic}
    uintx ReservedCodeCacheSize                    = 251658240                              {pd product} {ergonomic}
     bool SegmentedCodeCache                       = true                                      {product} {ergonomic}
   size_t SoftMaxHeapSize                          = 1558183936                             {manageable} {ergonomic}
     bool UseCompressedClassPointers               = true                                 {lp64_product} {ergonomic}
     bool UseCompressedOops                        = true                                 {lp64_product} {ergonomic}
     bool UseG1GC                                  = true                                      {product} {ergonomic}
     bool UseLargePagesIndividualAllocation        = false                                  {pd product} {ergonomic}

Logging:
Log output configuration:
 #0: stdout all=warning uptime,level,tags
 #1: stderr all=off uptime,level,tags

Environment Variables:
JAVA_HOME=E:\jdk-15.0.2
PATH=C:\Program Files\Java\jre1.8.0_311\bin;C:\Program Files\Java\jdk_17.0.1\bin;C:\Program Files\Java\jdk-17.0.1;C:\Program Files (x86)\Common Files\Oracle\Java\javapath;C:\Program Files\Common Files\Oracle\Java\javapath;C:\Program Files (x86)\Common Files\Intel\Shared Libraries\redist\intel64\compiler;C:\WINDOWS\system32;C:\WINDOWS;C:\WINDOWS\System32\Wbem;C:\WINDOWS\System32\WindowsPowerShell\v1.0\;C:\Program Files\WIDCOMM\Bluetooth Software\;C:\Program Files\WIDCOMM\Bluetooth Software\syswow64;C:\WINDOWS\System32\OpenSSH\;C:\Program Files (x86)\QuickTime\QTSystem\;C:\Program Files\apache-maven-3.8.3\bin;C:\Program Files\Java\jre1.8.0_311;C:\Users\Bienvenido Daniel\AppData\Local\Microsoft\WindowsApps;C:\Program Files\Java\jdk_17.0.1\bin;C:\w64devkit\bin;C:\Users\Bienvenido Daniel\AppData\Local\Programs\Microsoft VS Code\bin;E:\IntelliJ IDEA Community Edition 2021.2.2\bin;;
USERNAME=Bienvenido Daniel
OS=Windows_NT
PROCESSOR_IDENTIFIER=Intel64 Family 6 Model 37 Stepping 5, GenuineIntel



---------------  S Y S T E M  ---------------

OS:
 Windows 10 , 64 bit Build 19041 (10.0.19041.928)
OS uptime: 0 days 6:25 hours

CPU: total 4 (initial active 4) (2 cores per cpu, 2 threads per core) family 6 model 37 stepping 5 microcode 0x7, cmov, cx8, fxsr, mmx, sse, sse2, sse3, ssse3, sse4.1, sse4.2, popcnt, aes, clmul, ht, tsc, tscinvbit, clflush

Memory: 4k page, system-wide physical 5939M (880M free)
TotalPageFile size 7985M (AvailPageFile size 95M)
current process WorkingSet (physical memory assigned to process): 10M, peak: 10M
current process commit charge ("private bytes"): 52M, peak: 145M

vm_info: Java HotSpot(TM) 64-Bit Server VM (15.0.2+7-27) for windows-amd64 JRE (15.0.2+7-27), built on Dec  7 2020 20:07:01 by "mach5one" with unknown MS VC++:1925

END.
