#
# There is insufficient memory for the Java Runtime Environment to continue.
# Native memory allocation (mmap) failed to map 98566144 bytes for G1 virtual space
# Possible reasons:
#   The system is out of physical RAM or swap space
#   The process is running with CompressedOops enabled, and the Java Heap may be blocking the growth of the native heap
# Possible solutions:
#   Reduce memory load on the system
#   Increase physical memory or swap space
#   Check if swap backing store is full
#   Decrease Java heap size (-Xmx/-Xms)
#   Decrease number of Java threads
#   Decrease Java thread stack sizes (-Xss)
#   Set larger code cache with -XX:ReservedCodeCacheSize=
#   JVM is running with Unscaled Compressed Oops mode in which the Java heap is
#     placed in the first 4GB address space. The Java Heap base address is the
#     maximum limit for the native heap growth. Please use -XX:HeapBaseMinAddress
#     to set the Java Heap base and to place the Java Heap above 4GB virtual address.
# This output file may be truncated or incomplete.
#
#  Out of Memory Error (./open/src/hotspot/os/windows/os_windows.cpp:3321), pid=11020, tid=11152
#
# JRE version:  (15.0.2+7) (build )
# Java VM: Java HotSpot(TM) 64-Bit Server VM (15.0.2+7-27, mixed mode, sharing, tiered, compressed oops, g1 gc, windows-amd64)
# No core dump will be written. Minidumps are not enabled by default on client versions of Windows
#

---------------  S U M M A R Y ------------

Command Line: Interfaces.Principal

Host: Intel(R) Core(TM) i5 CPU       M 520  @ 2.40GHz, 4 cores, 5G,  Windows 10 , 64 bit Build 19041 (10.0.19041.928)
Time: Mon Jan 10 02:05:12 2022 Hora est. Pacífico, Sudamérica elapsed time: 0.033775 seconds (0d 0h 0m 0s)

---------------  T H R E A D  ---------------

Current thread (0x0000029482c39d40):  JavaThread "Unknown thread" [_thread_in_vm, id=11152, stack(0x000000db1fe00000,0x000000db1ff00000)]

Stack: [0x000000db1fe00000,0x000000db1ff00000]
Native frames: (J=compiled Java code, j=interpreted, Vv=VM code, C=native code)
V  [jvm.dll+0x62ae9a]
V  [jvm.dll+0x7817a9]
V  [jvm.dll+0x782f03]
V  [jvm.dll+0x783563]
V  [jvm.dll+0x216325]
V  [jvm.dll+0x6281d9]
V  [jvm.dll+0x61cf55]
V  [jvm.dll+0x2cffdd]
V  [jvm.dll+0x2cfe42]
V  [jvm.dll+0x2d5e1c]
V  [jvm.dll+0x32590a]
V  [jvm.dll+0x324fd4]
V  [jvm.dll+0x2a6f5a]
V  [jvm.dll+0x2a80f8]
V  [jvm.dll+0x75e241]
V  [jvm.dll+0x3341c4]
V  [jvm.dll+0x73e926]
V  [jvm.dll+0x3b7557]
V  [jvm.dll+0x3b8fe1]
C  [jli.dll+0x52fb]
C  [ucrtbase.dll+0x21bb2]
C  [KERNEL32.DLL+0x17034]
C  [ntdll.dll+0x52651]


---------------  P R O C E S S  ---------------

Threads class SMR info:
_java_thread_list=0x00007ffa38654ff0, length=0, elements={
}

Java Threads: ( => current thread )

Other Threads:
  0x0000029482c70d80 GCTaskThread "GC Thread#0" [stack: 0x000000db1ff00000,0x000000db20000000] [id=312]
  0x0000029482c7d9e0 ConcurrentGCThread "G1 Main Marker" [stack: 0x000000db20000000,0x000000db20100000] [id=8360]
  0x0000029482c7ecf0 ConcurrentGCThread "G1 Conc#0" [stack: 0x000000db20100000,0x000000db20200000] [id=12352]

[error occurred during error reporting (printing all threads), id 0xc0000005, EXCEPTION_ACCESS_VIOLATION (0xc0000005) at pc=0x00007ffa37e47e27]

VM state: not at safepoint (not fully initialized)

VM Mutex/Monitor currently owned by a thread:  ([mutex/lock_event])
[0x0000029482c34ee0] Heap_lock - owner thread: 0x0000029482c39d40

Heap address: 0x00000000a3200000, size: 1486 MB, Compressed Oops mode: 32-bit
CDS archive(s) mapped at: [0x0000000000000000-0x0000000000000000-0x0000000000000000), size 0, SharedBaseAddress: 0x0000000800000000, ArchiveRelocationMode: 0.
Narrow klass base: 0x0000000000000000, Narrow klass shift: 0, Narrow klass range: 0x0

Heap:
 garbage-first heap   total 96256K, used 0K [0x00000000a3200000, 0x0000000100000000)
  region size 1024K, 0 young (0K), 0 survivors (0K)
 Metaspace       used 0K, capacity 0K, committed 0K, reserved 0K
  class space    used 0K, capacity 0K, committed 0K, reserved 0K

Heap Regions: E=young(eden), S=young(survivor), O=old, HS=humongous(starts), HC=humongous(continues), CS=collection set, F=free, OA=open archive, CA=closed archive, TAMS=top-at-mark-start (previous, next)

Card table byte_map: [0x000002949a160000,0x000002949a450000] _byte_map_base: 0x0000029499c47000

Marking Bits (Prev, Next): (CMBitMap*) 0x0000029482c714f0, (CMBitMap*) 0x0000029482c71530
 Prev Bits: [0x000002949a740000, 0x000002949be78000)
 Next Bits: [0x000002949be80000, 0x000002949d5b8000)

GC Heap History (0 events):
No events

Deoptimization events (0 events):
No events

Classes unloaded (0 events):
No events

Classes redefined (0 events):
No events

Internal exceptions (0 events):
No events

Events (1 events):
Event: 0.012 Loaded shared library E:\jdk-15.0.2\bin\java.dll


Dynamic libraries:
0x00007ff799d20000 - 0x00007ff799d2f000 	E:\jdk-15.0.2\bin\java.exe
0x00007ffa8ddd0000 - 0x00007ffa8dfc5000 	C:\WINDOWS\SYSTEM32\ntdll.dll
0x00007ffa7c5c0000 - 0x00007ffa7c5d6000 	C:\Program Files\Avast Software\Avast\aswhook.dll
0x00007ffa8da70000 - 0x00007ffa8db2d000 	C:\WINDOWS\System32\KERNEL32.DLL
0x00007ffa8b510000 - 0x00007ffa8b7d8000 	C:\WINDOWS\System32\KERNELBASE.dll
0x00007ffa8bc80000 - 0x00007ffa8bd80000 	C:\WINDOWS\System32\ucrtbase.dll
0x00007ffa57ed0000 - 0x00007ffa57ee8000 	E:\jdk-15.0.2\bin\jli.dll
0x00007ffa82a40000 - 0x00007ffa82a59000 	E:\jdk-15.0.2\bin\VCRUNTIME140.dll
0x00007ffa8bf60000 - 0x00007ffa8c00c000 	C:\WINDOWS\System32\ADVAPI32.dll
0x00007ffa8c760000 - 0x00007ffa8c7fe000 	C:\WINDOWS\System32\msvcrt.dll
0x00007ffa8cfe0000 - 0x00007ffa8d07b000 	C:\WINDOWS\System32\sechost.dll
0x00007ffa8ceb0000 - 0x00007ffa8cfdb000 	C:\WINDOWS\System32\RPCRT4.dll
0x00007ffa8cd10000 - 0x00007ffa8ceb0000 	C:\WINDOWS\System32\USER32.dll
0x00007ffa8b9e0000 - 0x00007ffa8ba02000 	C:\WINDOWS\System32\win32u.dll
0x00007ffa75870000 - 0x00007ffa75b0a000 	C:\WINDOWS\WinSxS\amd64_microsoft.windows.common-controls_6595b64144ccf1df_6.0.19041.844_none_ca00b6081b84eb1d\COMCTL32.dll
0x00007ffa8dd60000 - 0x00007ffa8dd8a000 	C:\WINDOWS\System32\GDI32.dll
0x00007ffa8bb70000 - 0x00007ffa8bc7b000 	C:\WINDOWS\System32\gdi32full.dll
0x00007ffa8b940000 - 0x00007ffa8b9dd000 	C:\WINDOWS\System32\msvcp_win.dll
0x00007ffa81390000 - 0x00007ffa8139a000 	C:\WINDOWS\SYSTEM32\VERSION.dll
0x00007ffa8cce0000 - 0x00007ffa8cd10000 	C:\WINDOWS\System32\IMM32.DLL
0x00007ffa83aa0000 - 0x00007ffa83aac000 	E:\jdk-15.0.2\bin\vcruntime140_1.dll
0x00007ffa42400000 - 0x00007ffa42491000 	E:\jdk-15.0.2\bin\msvcp140.dll
0x00007ffa37b90000 - 0x00007ffa386ee000 	E:\jdk-15.0.2\bin\server\jvm.dll
0x00007ffa8dc00000 - 0x00007ffa8dc08000 	C:\WINDOWS\System32\PSAPI.DLL
0x00007ffa7b320000 - 0x00007ffa7b329000 	C:\WINDOWS\SYSTEM32\WSOCK32.dll
0x00007ffa76520000 - 0x00007ffa76547000 	C:\WINDOWS\SYSTEM32\WINMM.dll
0x00007ffa8c800000 - 0x00007ffa8c86b000 	C:\WINDOWS\System32\WS2_32.dll
0x00007ffa89640000 - 0x00007ffa89652000 	C:\WINDOWS\SYSTEM32\kernel.appcore.dll
0x00007ffa82a30000 - 0x00007ffa82a3a000 	E:\jdk-15.0.2\bin\jimage.dll
0x00007ffa80de0000 - 0x00007ffa80fc4000 	C:\WINDOWS\SYSTEM32\DBGHELP.DLL
0x00007ffa80db0000 - 0x00007ffa80ddc000 	C:\WINDOWS\SYSTEM32\dbgcore.DLL
0x00007ffa8baf0000 - 0x00007ffa8bb70000 	C:\WINDOWS\System32\bcryptPrimitives.dll
0x00007ffa6c600000 - 0x00007ffa6c625000 	E:\jdk-15.0.2\bin\java.dll

dbghelp: loaded successfully - version: 4.0.5 - missing functions: none
symbol engine: initialized successfully - sym options: 0x614 - pdb path: .;E:\jdk-15.0.2\bin;C:\WINDOWS\SYSTEM32;C:\Program Files\Avast Software\Avast;C:\WINDOWS\WinSxS\amd64_microsoft.windows.common-controls_6595b64144ccf1df_6.0.19041.844_none_ca00b6081b84eb1d;E:\jdk-15.0.2\bin\server

VM Arguments:
java_command: Interfaces.Principal
java_class_path (initial): E:\Proyectos_JAVA\FEGPA\target\classes
Launcher Type: SUN_STANDARD

[Global flags]
     intx CICompilerCount                          = 3                                         {product} {ergonomic}
     uint ConcGCThreads                            = 1                                         {product} {ergonomic}
     uint G1ConcRefinementThreads                  = 4                                         {product} {ergonomic}
   size_t G1HeapRegionSize                         = 1048576                                   {product} {ergonomic}
    uintx GCDrainStackTargetSize                   = 64                                        {product} {ergonomic}
   size_t InitialHeapSize                          = 98566144                                  {product} {ergonomic}
   size_t MarkStackSize                            = 4194304                                   {product} {ergonomic}
   size_t MaxHeapSize                              = 1558183936                                {product} {ergonomic}
   size_t MinHeapDeltaBytes                        = 1048576                                   {product} {ergonomic}
   size_t MinHeapSize                              = 8388608                                   {product} {ergonomic}
    uintx NonNMethodCodeHeapSize                   = 5832780                                {pd product} {ergonomic}
    uintx NonProfiledCodeHeapSize                  = 122912730                              {pd product} {ergonomic}
    uintx ProfiledCodeHeapSize                     = 122912730                              {pd product} {ergonomic}
    uintx ReservedCodeCacheSize                    = 251658240                              {pd product} {ergonomic}
     bool SegmentedCodeCache                       = true                                      {product} {ergonomic}
   size_t SoftMaxHeapSize                          = 1558183936                             {manageable} {ergonomic}
     bool UseCompressedClassPointers               = true                                 {lp64_product} {ergonomic}
     bool UseCompressedOops                        = true                                 {lp64_product} {ergonomic}
     bool UseG1GC                                  = true                                      {product} {ergonomic}
     bool UseLargePagesIndividualAllocation        = false                                  {pd product} {ergonomic}

Logging:
Log output configuration:
 #0: stdout all=warning uptime,level,tags
 #1: stderr all=off uptime,level,tags

Environment Variables:
JAVA_HOME=E:\jdk-15.0.2
PATH=C:\Program Files\Java\jre1.8.0_311\bin;C:\Program Files\Java\jdk_17.0.1\bin;C:\Program Files\Java\jdk-17.0.1;C:\Program Files (x86)\Common Files\Oracle\Java\javapath;C:\Program Files\Common Files\Oracle\Java\javapath;C:\Program Files (x86)\Common Files\Intel\Shared Libraries\redist\intel64\compiler;C:\WINDOWS\system32;C:\WINDOWS;C:\WINDOWS\System32\Wbem;C:\WINDOWS\System32\WindowsPowerShell\v1.0\;C:\Program Files\WIDCOMM\Bluetooth Software\;C:\Program Files\WIDCOMM\Bluetooth Software\syswow64;C:\WINDOWS\System32\OpenSSH\;C:\Program Files (x86)\QuickTime\QTSystem\;C:\Program Files\apache-maven-3.8.3\bin;C:\Program Files\Java\jre1.8.0_311;C:\Users\Bienvenido Daniel\AppData\Local\Microsoft\WindowsApps;C:\Program Files\Java\jdk_17.0.1\bin;C:\w64devkit\bin;C:\Users\Bienvenido Daniel\AppData\Local\Programs\Microsoft VS Code\bin;E:\IntelliJ IDEA Community Edition 2021.2.2\bin;;
USERNAME=Bienvenido Daniel
OS=Windows_NT
PROCESSOR_IDENTIFIER=Intel64 Family 6 Model 37 Stepping 5, GenuineIntel



---------------  S Y S T E M  ---------------

OS:
 Windows 10 , 64 bit Build 19041 (10.0.19041.928)
OS uptime: 1 days 7:01 hours

CPU: total 4 (initial active 4) (2 cores per cpu, 2 threads per core) family 6 model 37 stepping 5 microcode 0x7, cmov, cx8, fxsr, mmx, sse, sse2, sse3, ssse3, sse4.1, sse4.2, popcnt, aes, clmul, ht, tsc, tscinvbit, clflush

Memory: 4k page, system-wide physical 5939M (1011M free)
TotalPageFile size 9590M (AvailPageFile size 13M)
current process WorkingSet (physical memory assigned to process): 10M, peak: 10M
current process commit charge ("private bytes"): 52M, peak: 145M

vm_info: Java HotSpot(TM) 64-Bit Server VM (15.0.2+7-27) for windows-amd64 JRE (15.0.2+7-27), built on Dec  7 2020 20:07:01 by "mach5one" with unknown MS VC++:1925

END.
