#
# There is insufficient memory for the Java Runtime Environment to continue.
# Native memory allocation (malloc) failed to allocate 32744 bytes for ChunkPool::allocate
# Possible reasons:
#   The system is out of physical RAM or swap space
#   The process is running with CompressedOops enabled, and the Java Heap may be blocking the growth of the native heap
# Possible solutions:
#   Reduce memory load on the system
#   Increase physical memory or swap space
#   Check if swap backing store is full
#   Decrease Java heap size (-Xmx/-Xms)
#   Decrease number of Java threads
#   Decrease Java thread stack sizes (-Xss)
#   Set larger code cache with -XX:ReservedCodeCacheSize=
#   JVM is running with Unscaled Compressed Oops mode in which the Java heap is
#     placed in the first 4GB address space. The Java Heap base address is the
#     maximum limit for the native heap growth. Please use -XX:HeapBaseMinAddress
#     to set the Java Heap base and to place the Java Heap above 4GB virtual address.
# This output file may be truncated or incomplete.
#
#  Out of Memory Error (./open/src/hotspot/share/memory/arena.cpp:79), pid=12684, tid=1252
#
# JRE version: Java(TM) SE Runtime Environment (15.0.2+7) (build 15.0.2+7-27)
# Java VM: Java HotSpot(TM) 64-Bit Server VM (15.0.2+7-27, mixed mode, sharing, tiered, compressed oops, g1 gc, windows-amd64)
# No core dump will be written. Minidumps are not enabled by default on client versions of Windows
#

---------------  S U M M A R Y ------------

Command Line: -Dclassworlds.conf=E:\NetBeans\NetBeans-12.0\netbeans\java\maven\bin\..\bin\m2.conf -Dmaven.home=E:\NetBeans\NetBeans-12.0\netbeans\java\maven\bin\.. -Dlibrary.jansi.path=E:\NetBeans\NetBeans-12.0\netbeans\java\maven\bin\..\lib\jansi-native -Dmaven.multiModuleProjectDirectory=E:\Proyectos_JAVA\FEGPA org.codehaus.plexus.classworlds.launcher.Launcher -Dexec.args=-classpath %classpath Interfaces.Principal -Dexec.executable=E:\jdk-15.0.2\bin\java.exe -Dmaven.ext.class.path=E:\NetBeans\NetBeans-12.0\netbeans\java\maven-nblib\netbeans-eventspy.jar -Dfile.encoding=UTF-8 org.codehaus.mojo:exec-maven-plugin:1.5.0:exec

Host: Intel(R) Core(TM) i5 CPU       M 520  @ 2.40GHz, 4 cores, 5G,  Windows 10 , 64 bit Build 19041 (10.0.19041.928)
Time: Mon Jan 10 02:04:09 2022 Hora est. Pacífico, Sudamérica elapsed time: 1.395834 seconds (0d 0h 0m 1s)

---------------  T H R E A D  ---------------

Current thread (0x00000270c3c415e0):  JavaThread "C2 CompilerThread0" daemon [_thread_in_native, id=1252, stack(0x000000abf8e00000,0x000000abf8f00000)]


Current CompileTask:
C2:   1396  917   !   4       sun.nio.cs.StreamDecoder::read (196 bytes)

Stack: [0x000000abf8e00000,0x000000abf8f00000]
Native frames: (J=compiled Java code, j=interpreted, Vv=VM code, C=native code)
V  [jvm.dll+0x62ae9a]
V  [jvm.dll+0x7817a9]
V  [jvm.dll+0x782f03]
V  [jvm.dll+0x783563]
V  [jvm.dll+0x216325]
V  [jvm.dll+0x982cf]
V  [jvm.dll+0x980ad]
V  [jvm.dll+0x609d14]
V  [jvm.dll+0x6552ea]
V  [jvm.dll+0x18e47d]
V  [jvm.dll+0x1ea822]
V  [jvm.dll+0x1e996e]
V  [jvm.dll+0x178567]
V  [jvm.dll+0x1f9225]
V  [jvm.dll+0x1f72cc]
V  [jvm.dll+0x74495d]
V  [jvm.dll+0x73d75a]
V  [jvm.dll+0x629c56]
C  [ucrtbase.dll+0x21bb2]
C  [KERNEL32.DLL+0x17034]
C  [ntdll.dll+0x52651]


---------------  P R O C E S S  ---------------

Threads class SMR info:
_java_thread_list=0x00000270c50f48b0, length=12, elements={
0x00000270a6e0ab30, 0x00000270a6ede290, 0x00000270c3c1ffd0, 0x00000270c3c3b4d0,
0x00000270c3c3fea0, 0x00000270c3c40850, 0x00000270c3c415e0, 0x00000270c3c51490,
0x00000270c3cb86d0, 0x00000270c4690ab0, 0x00000270c46932a0, 0x00000270c50f0190
}

Java Threads: ( => current thread )
  0x00000270a6e0ab30 JavaThread "main" [_thread_in_Java, id=8396, stack(0x000000abf8200000,0x000000abf8300000)]
  0x00000270a6ede290 JavaThread "Reference Handler" daemon [_thread_blocked, id=10412, stack(0x000000abf8900000,0x000000abf8a00000)]
  0x00000270c3c1ffd0 JavaThread "Finalizer" daemon [_thread_blocked, id=15332, stack(0x000000abf8a00000,0x000000abf8b00000)]
  0x00000270c3c3b4d0 JavaThread "Signal Dispatcher" daemon [_thread_blocked, id=1568, stack(0x000000abf8b00000,0x000000abf8c00000)]
  0x00000270c3c3fea0 JavaThread "Attach Listener" daemon [_thread_blocked, id=9520, stack(0x000000abf8c00000,0x000000abf8d00000)]
  0x00000270c3c40850 JavaThread "Service Thread" daemon [_thread_blocked, id=9440, stack(0x000000abf8d00000,0x000000abf8e00000)]
=>0x00000270c3c415e0 JavaThread "C2 CompilerThread0" daemon [_thread_in_native, id=1252, stack(0x000000abf8e00000,0x000000abf8f00000)]
  0x00000270c3c51490 JavaThread "C1 CompilerThread0" daemon [_thread_blocked, id=3300, stack(0x000000abf8f00000,0x000000abf9000000)]
  0x00000270c3cb86d0 JavaThread "Sweeper thread" daemon [_thread_blocked, id=3836, stack(0x000000abf9000000,0x000000abf9100000)]
  0x00000270c4690ab0 JavaThread "Notification Thread" daemon [_thread_blocked, id=6780, stack(0x000000abf9100000,0x000000abf9200000)]
  0x00000270c46932a0 JavaThread "Common-Cleaner" daemon [_thread_blocked, id=14196, stack(0x000000abf9300000,0x000000abf9400000)]
  0x00000270c50f0190 JavaThread "C2 CompilerThread1" daemon [_thread_in_native, id=15152, stack(0x000000abf9500000,0x000000abf9600000)]

Other Threads:
  0x00000270a6ed8350 VMThread "VM Thread" [stack: 0x000000abf8800000,0x000000abf8900000] [id=12768]
  0x00000270c4690f80 WatcherThread [stack: 0x000000abf9200000,0x000000abf9300000] [id=9284]
  0x00000270a6e41d80 GCTaskThread "GC Thread#0" [stack: 0x000000abf8300000,0x000000abf8400000] [id=10304]
  0x00000270c508c960 GCTaskThread "GC Thread#1" [stack: 0x000000abf9400000,0x000000abf9500000] [id=14752]
  0x00000270a6e4f8a0 ConcurrentGCThread "G1 Main Marker" [stack: 0x000000abf8400000,0x000000abf8500000] [id=15148]
  0x00000270a6e50390 ConcurrentGCThread "G1 Conc#0" [stack: 0x000000abf8500000,0x000000abf8600000] [id=9384]
  0x00000270a6eb0860 ConcurrentGCThread "G1 Refine#0" [stack: 0x000000abf8600000,0x000000abf8700000] [id=1928]
  0x00000270a6eb1360 ConcurrentGCThread "G1 Young RemSet Sampling" [stack: 0x000000abf8700000,0x000000abf8800000] [id=15396]

Threads with active compile tasks:
C2 CompilerThread0     1790  917   !   4       sun.nio.cs.StreamDecoder::read (196 bytes)
C2 CompilerThread1     1790  919       4       java.io.InputStreamReader::read (11 bytes)

VM state: not at safepoint (normal execution)

VM Mutex/Monitor currently owned by a thread: None

Heap address: 0x00000000a3200000, size: 1486 MB, Compressed Oops mode: 32-bit
CDS archive(s) mapped at: [0x0000000800000000-0x0000000800b50000-0x0000000800b50000), size 11862016, SharedBaseAddress: 0x0000000800000000, ArchiveRelocationMode: 0.
Compressed class space mapped at: 0x0000000800b50000-0x0000000840b50000, size: 1073741824
Narrow klass base: 0x0000000800000000, Narrow klass shift: 3, Narrow klass range: 0x100000000

GC Precious Log:
 CPUs: 4 total, 4 available
 Memory: 5939M
 Large Page Support: Disabled
 NUMA Support: Disabled
 Compressed Oops: Enabled (32-bit)
 Heap Region Size: 1M
 Heap Min Capacity: 8M
 Heap Initial Capacity: 94M
 Heap Max Capacity: 1486M
 Pre-touch: Disabled
 Parallel Workers: 4
 Concurrent Workers: 1
 Concurrent Refinement Workers: 4
 Periodic GC: Disabled

Heap:
 garbage-first heap   total 96256K, used 19961K [0x00000000a3200000, 0x0000000100000000)
  region size 1024K, 19 young (19456K), 1 survivors (1024K)
 Metaspace       used 8028K, capacity 10284K, committed 10496K, reserved 1064960K
  class space    used 928K, capacity 1188K, committed 1280K, reserved 1048576K

Heap Regions: E=young(eden), S=young(survivor), O=old, HS=humongous(starts), HC=humongous(continues), CS=collection set, F=free, OA=open archive, CA=closed archive, TAMS=top-at-mark-start (previous, next)
|   0|0x00000000a3200000, 0x00000000a3300000, 0x00000000a3300000|100%| O|  |TAMS 0x00000000a3200000, 0x00000000a3200000| Untracked 
|   1|0x00000000a3300000, 0x00000000a3400000, 0x00000000a3400000|100%| O|  |TAMS 0x00000000a3300000, 0x00000000a3300000| Untracked 
|   2|0x00000000a3400000, 0x00000000a3500000, 0x00000000a3500000|100%| O|  |TAMS 0x00000000a3400000, 0x00000000a3400000| Untracked 
|   3|0x00000000a3500000, 0x00000000a3509c00, 0x00000000a3600000|  3%| O|  |TAMS 0x00000000a3500000, 0x00000000a3500000| Untracked 
|   4|0x00000000a3600000, 0x00000000a3600000, 0x00000000a3700000|  0%| F|  |TAMS 0x00000000a3600000, 0x00000000a3600000| Untracked 
|   5|0x00000000a3700000, 0x00000000a3700000, 0x00000000a3800000|  0%| F|  |TAMS 0x00000000a3700000, 0x00000000a3700000| Untracked 
|   6|0x00000000a3800000, 0x00000000a3800000, 0x00000000a3900000|  0%| F|  |TAMS 0x00000000a3800000, 0x00000000a3800000| Untracked 
|   7|0x00000000a3900000, 0x00000000a3900000, 0x00000000a3a00000|  0%| F|  |TAMS 0x00000000a3900000, 0x00000000a3900000| Untracked 
|   8|0x00000000a3a00000, 0x00000000a3a00000, 0x00000000a3b00000|  0%| F|  |TAMS 0x00000000a3a00000, 0x00000000a3a00000| Untracked 
|   9|0x00000000a3b00000, 0x00000000a3b00000, 0x00000000a3c00000|  0%| F|  |TAMS 0x00000000a3b00000, 0x00000000a3b00000| Untracked 
|  10|0x00000000a3c00000, 0x00000000a3c00000, 0x00000000a3d00000|  0%| F|  |TAMS 0x00000000a3c00000, 0x00000000a3c00000| Untracked 
|  11|0x00000000a3d00000, 0x00000000a3d00000, 0x00000000a3e00000|  0%| F|  |TAMS 0x00000000a3d00000, 0x00000000a3d00000| Untracked 
|  12|0x00000000a3e00000, 0x00000000a3e00000, 0x00000000a3f00000|  0%| F|  |TAMS 0x00000000a3e00000, 0x00000000a3e00000| Untracked 
|  13|0x00000000a3f00000, 0x00000000a3f00000, 0x00000000a4000000|  0%| F|  |TAMS 0x00000000a3f00000, 0x00000000a3f00000| Untracked 
|  14|0x00000000a4000000, 0x00000000a4000000, 0x00000000a4100000|  0%| F|  |TAMS 0x00000000a4000000, 0x00000000a4000000| Untracked 
|  15|0x00000000a4100000, 0x00000000a4100000, 0x00000000a4200000|  0%| F|  |TAMS 0x00000000a4100000, 0x00000000a4100000| Untracked 
|  16|0x00000000a4200000, 0x00000000a4200000, 0x00000000a4300000|  0%| F|  |TAMS 0x00000000a4200000, 0x00000000a4200000| Untracked 
|  17|0x00000000a4300000, 0x00000000a4300000, 0x00000000a4400000|  0%| F|  |TAMS 0x00000000a4300000, 0x00000000a4300000| Untracked 
|  18|0x00000000a4400000, 0x00000000a4400000, 0x00000000a4500000|  0%| F|  |TAMS 0x00000000a4400000, 0x00000000a4400000| Untracked 
|  19|0x00000000a4500000, 0x00000000a4500000, 0x00000000a4600000|  0%| F|  |TAMS 0x00000000a4500000, 0x00000000a4500000| Untracked 
|  20|0x00000000a4600000, 0x00000000a4600000, 0x00000000a4700000|  0%| F|  |TAMS 0x00000000a4600000, 0x00000000a4600000| Untracked 
|  21|0x00000000a4700000, 0x00000000a4700000, 0x00000000a4800000|  0%| F|  |TAMS 0x00000000a4700000, 0x00000000a4700000| Untracked 
|  22|0x00000000a4800000, 0x00000000a4800000, 0x00000000a4900000|  0%| F|  |TAMS 0x00000000a4800000, 0x00000000a4800000| Untracked 
|  23|0x00000000a4900000, 0x00000000a4900000, 0x00000000a4a00000|  0%| F|  |TAMS 0x00000000a4900000, 0x00000000a4900000| Untracked 
|  24|0x00000000a4a00000, 0x00000000a4a00000, 0x00000000a4b00000|  0%| F|  |TAMS 0x00000000a4a00000, 0x00000000a4a00000| Untracked 
|  25|0x00000000a4b00000, 0x00000000a4b00000, 0x00000000a4c00000|  0%| F|  |TAMS 0x00000000a4b00000, 0x00000000a4b00000| Untracked 
|  26|0x00000000a4c00000, 0x00000000a4c00000, 0x00000000a4d00000|  0%| F|  |TAMS 0x00000000a4c00000, 0x00000000a4c00000| Untracked 
|  27|0x00000000a4d00000, 0x00000000a4d00000, 0x00000000a4e00000|  0%| F|  |TAMS 0x00000000a4d00000, 0x00000000a4d00000| Untracked 
|  28|0x00000000a4e00000, 0x00000000a4e00000, 0x00000000a4f00000|  0%| F|  |TAMS 0x00000000a4e00000, 0x00000000a4e00000| Untracked 
|  29|0x00000000a4f00000, 0x00000000a4f00000, 0x00000000a5000000|  0%| F|  |TAMS 0x00000000a4f00000, 0x00000000a4f00000| Untracked 
|  30|0x00000000a5000000, 0x00000000a5000000, 0x00000000a5100000|  0%| F|  |TAMS 0x00000000a5000000, 0x00000000a5000000| Untracked 
|  31|0x00000000a5100000, 0x00000000a5100000, 0x00000000a5200000|  0%| F|  |TAMS 0x00000000a5100000, 0x00000000a5100000| Untracked 
|  32|0x00000000a5200000, 0x00000000a5200000, 0x00000000a5300000|  0%| F|  |TAMS 0x00000000a5200000, 0x00000000a5200000| Untracked 
|  33|0x00000000a5300000, 0x00000000a5300000, 0x00000000a5400000|  0%| F|  |TAMS 0x00000000a5300000, 0x00000000a5300000| Untracked 
|  34|0x00000000a5400000, 0x00000000a5400000, 0x00000000a5500000|  0%| F|  |TAMS 0x00000000a5400000, 0x00000000a5400000| Untracked 
|  35|0x00000000a5500000, 0x00000000a5500000, 0x00000000a5600000|  0%| F|  |TAMS 0x00000000a5500000, 0x00000000a5500000| Untracked 
|  36|0x00000000a5600000, 0x00000000a5600000, 0x00000000a5700000|  0%| F|  |TAMS 0x00000000a5600000, 0x00000000a5600000| Untracked 
|  37|0x00000000a5700000, 0x00000000a5700000, 0x00000000a5800000|  0%| F|  |TAMS 0x00000000a5700000, 0x00000000a5700000| Untracked 
|  38|0x00000000a5800000, 0x00000000a5800000, 0x00000000a5900000|  0%| F|  |TAMS 0x00000000a5800000, 0x00000000a5800000| Untracked 
|  39|0x00000000a5900000, 0x00000000a5900000, 0x00000000a5a00000|  0%| F|  |TAMS 0x00000000a5900000, 0x00000000a5900000| Untracked 
|  40|0x00000000a5a00000, 0x00000000a5a00000, 0x00000000a5b00000|  0%| F|  |TAMS 0x00000000a5a00000, 0x00000000a5a00000| Untracked 
|  41|0x00000000a5b00000, 0x00000000a5b00000, 0x00000000a5c00000|  0%| F|  |TAMS 0x00000000a5b00000, 0x00000000a5b00000| Untracked 
|  42|0x00000000a5c00000, 0x00000000a5c00000, 0x00000000a5d00000|  0%| F|  |TAMS 0x00000000a5c00000, 0x00000000a5c00000| Untracked 
|  43|0x00000000a5d00000, 0x00000000a5d00000, 0x00000000a5e00000|  0%| F|  |TAMS 0x00000000a5d00000, 0x00000000a5d00000| Untracked 
|  44|0x00000000a5e00000, 0x00000000a5e00000, 0x00000000a5f00000|  0%| F|  |TAMS 0x00000000a5e00000, 0x00000000a5e00000| Untracked 
|  45|0x00000000a5f00000, 0x00000000a5f00000, 0x00000000a6000000|  0%| F|  |TAMS 0x00000000a5f00000, 0x00000000a5f00000| Untracked 
|  46|0x00000000a6000000, 0x00000000a6000000, 0x00000000a6100000|  0%| F|  |TAMS 0x00000000a6000000, 0x00000000a6000000| Untracked 
|  47|0x00000000a6100000, 0x00000000a6100000, 0x00000000a6200000|  0%| F|  |TAMS 0x00000000a6100000, 0x00000000a6100000| Untracked 
|  48|0x00000000a6200000, 0x00000000a6200000, 0x00000000a6300000|  0%| F|  |TAMS 0x00000000a6200000, 0x00000000a6200000| Untracked 
|  49|0x00000000a6300000, 0x00000000a6300000, 0x00000000a6400000|  0%| F|  |TAMS 0x00000000a6300000, 0x00000000a6300000| Untracked 
|  50|0x00000000a6400000, 0x00000000a6400000, 0x00000000a6500000|  0%| F|  |TAMS 0x00000000a6400000, 0x00000000a6400000| Untracked 
|  51|0x00000000a6500000, 0x00000000a6500000, 0x00000000a6600000|  0%| F|  |TAMS 0x00000000a6500000, 0x00000000a6500000| Untracked 
|  52|0x00000000a6600000, 0x00000000a6600000, 0x00000000a6700000|  0%| F|  |TAMS 0x00000000a6600000, 0x00000000a6600000| Untracked 
|  53|0x00000000a6700000, 0x00000000a6700000, 0x00000000a6800000|  0%| F|  |TAMS 0x00000000a6700000, 0x00000000a6700000| Untracked 
|  54|0x00000000a6800000, 0x00000000a6800000, 0x00000000a6900000|  0%| F|  |TAMS 0x00000000a6800000, 0x00000000a6800000| Untracked 
|  55|0x00000000a6900000, 0x00000000a6900000, 0x00000000a6a00000|  0%| F|  |TAMS 0x00000000a6900000, 0x00000000a6900000| Untracked 
|  56|0x00000000a6a00000, 0x00000000a6a00000, 0x00000000a6b00000|  0%| F|  |TAMS 0x00000000a6a00000, 0x00000000a6a00000| Untracked 
|  57|0x00000000a6b00000, 0x00000000a6b00000, 0x00000000a6c00000|  0%| F|  |TAMS 0x00000000a6b00000, 0x00000000a6b00000| Untracked 
|  58|0x00000000a6c00000, 0x00000000a6c00000, 0x00000000a6d00000|  0%| F|  |TAMS 0x00000000a6c00000, 0x00000000a6c00000| Untracked 
|  59|0x00000000a6d00000, 0x00000000a6d00000, 0x00000000a6e00000|  0%| F|  |TAMS 0x00000000a6d00000, 0x00000000a6d00000| Untracked 
|  60|0x00000000a6e00000, 0x00000000a6e00000, 0x00000000a6f00000|  0%| F|  |TAMS 0x00000000a6e00000, 0x00000000a6e00000| Untracked 
|  61|0x00000000a6f00000, 0x00000000a6f00000, 0x00000000a7000000|  0%| F|  |TAMS 0x00000000a6f00000, 0x00000000a6f00000| Untracked 
|  62|0x00000000a7000000, 0x00000000a7000000, 0x00000000a7100000|  0%| F|  |TAMS 0x00000000a7000000, 0x00000000a7000000| Untracked 
|  63|0x00000000a7100000, 0x00000000a7100000, 0x00000000a7200000|  0%| F|  |TAMS 0x00000000a7100000, 0x00000000a7100000| Untracked 
|  64|0x00000000a7200000, 0x00000000a7200000, 0x00000000a7300000|  0%| F|  |TAMS 0x00000000a7200000, 0x00000000a7200000| Untracked 
|  65|0x00000000a7300000, 0x00000000a7300000, 0x00000000a7400000|  0%| F|  |TAMS 0x00000000a7300000, 0x00000000a7300000| Untracked 
|  66|0x00000000a7400000, 0x00000000a7400000, 0x00000000a7500000|  0%| F|  |TAMS 0x00000000a7400000, 0x00000000a7400000| Untracked 
|  67|0x00000000a7500000, 0x00000000a7500000, 0x00000000a7600000|  0%| F|  |TAMS 0x00000000a7500000, 0x00000000a7500000| Untracked 
|  68|0x00000000a7600000, 0x00000000a7600000, 0x00000000a7700000|  0%| F|  |TAMS 0x00000000a7600000, 0x00000000a7600000| Untracked 
|  69|0x00000000a7700000, 0x00000000a7700000, 0x00000000a7800000|  0%| F|  |TAMS 0x00000000a7700000, 0x00000000a7700000| Untracked 
|  70|0x00000000a7800000, 0x00000000a7800000, 0x00000000a7900000|  0%| F|  |TAMS 0x00000000a7800000, 0x00000000a7800000| Untracked 
|  71|0x00000000a7900000, 0x00000000a7900000, 0x00000000a7a00000|  0%| F|  |TAMS 0x00000000a7900000, 0x00000000a7900000| Untracked 
|  72|0x00000000a7a00000, 0x00000000a7a00000, 0x00000000a7b00000|  0%| F|  |TAMS 0x00000000a7a00000, 0x00000000a7a00000| Untracked 
|  73|0x00000000a7b00000, 0x00000000a7b00000, 0x00000000a7c00000|  0%| F|  |TAMS 0x00000000a7b00000, 0x00000000a7b00000| Untracked 
|  74|0x00000000a7c00000, 0x00000000a7c00000, 0x00000000a7d00000|  0%| F|  |TAMS 0x00000000a7c00000, 0x00000000a7c00000| Untracked 
|  75|0x00000000a7d00000, 0x00000000a7e00000, 0x00000000a7e00000|100%| E|  |TAMS 0x00000000a7d00000, 0x00000000a7d00000| Complete 
|  76|0x00000000a7e00000, 0x00000000a7f00000, 0x00000000a7f00000|100%| E|CS|TAMS 0x00000000a7e00000, 0x00000000a7e00000| Complete 
|  77|0x00000000a7f00000, 0x00000000a8000000, 0x00000000a8000000|100%| E|  |TAMS 0x00000000a7f00000, 0x00000000a7f00000| Complete 
|  78|0x00000000a8000000, 0x00000000a8100000, 0x00000000a8100000|100%| E|CS|TAMS 0x00000000a8000000, 0x00000000a8000000| Complete 
|  79|0x00000000a8100000, 0x00000000a8200000, 0x00000000a8200000|100%| E|CS|TAMS 0x00000000a8100000, 0x00000000a8100000| Complete 
|  80|0x00000000a8200000, 0x00000000a8300000, 0x00000000a8300000|100%| E|CS|TAMS 0x00000000a8200000, 0x00000000a8200000| Complete 
|  81|0x00000000a8300000, 0x00000000a8374a40, 0x00000000a8400000| 45%| S|CS|TAMS 0x00000000a8300000, 0x00000000a8300000| Complete 
|  82|0x00000000a8400000, 0x00000000a8500000, 0x00000000a8500000|100%| E|CS|TAMS 0x00000000a8400000, 0x00000000a8400000| Complete 
|  83|0x00000000a8500000, 0x00000000a8600000, 0x00000000a8600000|100%| E|CS|TAMS 0x00000000a8500000, 0x00000000a8500000| Complete 
|  84|0x00000000a8600000, 0x00000000a8700000, 0x00000000a8700000|100%| E|CS|TAMS 0x00000000a8600000, 0x00000000a8600000| Complete 
|  85|0x00000000a8700000, 0x00000000a8800000, 0x00000000a8800000|100%| E|CS|TAMS 0x00000000a8700000, 0x00000000a8700000| Complete 
|  86|0x00000000a8800000, 0x00000000a8900000, 0x00000000a8900000|100%| E|CS|TAMS 0x00000000a8800000, 0x00000000a8800000| Complete 
|  87|0x00000000a8900000, 0x00000000a8a00000, 0x00000000a8a00000|100%| E|CS|TAMS 0x00000000a8900000, 0x00000000a8900000| Complete 
|  88|0x00000000a8a00000, 0x00000000a8b00000, 0x00000000a8b00000|100%| E|CS|TAMS 0x00000000a8a00000, 0x00000000a8a00000| Complete 
|  89|0x00000000a8b00000, 0x00000000a8c00000, 0x00000000a8c00000|100%| E|CS|TAMS 0x00000000a8b00000, 0x00000000a8b00000| Complete 
|  90|0x00000000a8c00000, 0x00000000a8d00000, 0x00000000a8d00000|100%| E|CS|TAMS 0x00000000a8c00000, 0x00000000a8c00000| Complete 
|  91|0x00000000a8d00000, 0x00000000a8e00000, 0x00000000a8e00000|100%| E|CS|TAMS 0x00000000a8d00000, 0x00000000a8d00000| Complete 
|  92|0x00000000a8e00000, 0x00000000a8f00000, 0x00000000a8f00000|100%| E|CS|TAMS 0x00000000a8e00000, 0x00000000a8e00000| Complete 
|  93|0x00000000a8f00000, 0x00000000a9000000, 0x00000000a9000000|100%| E|CS|TAMS 0x00000000a8f00000, 0x00000000a8f00000| Complete 

Card table byte_map: [0x00000270be330000,0x00000270be620000] _byte_map_base: 0x00000270bde17000

Marking Bits (Prev, Next): (CMBitMap*) 0x00000270a6e424f0, (CMBitMap*) 0x00000270a6e42530
 Prev Bits: [0x00000270be910000, 0x00000270c0048000)
 Next Bits: [0x00000270c0050000, 0x00000270c1788000)

Polling page: 0x00000270a4e20000

Metaspace:

Usage:
  Non-class:      8.95 MB capacity,     6.99 MB ( 78%) used,     1.95 MB ( 22%) free+waste,     6.62 KB ( <1%) overhead. 
      Class:      1.19 MB capacity,   935.66 KB ( 77%) used,   281.34 KB ( 23%) free+waste,     3.00 KB ( <1%) overhead. 
       Both:     10.14 MB capacity,     7.91 MB ( 78%) used,     2.22 MB ( 22%) free+waste,     9.62 KB ( <1%) overhead. 

Virtual space:
  Non-class space:       16.00 MB reserved,       9.00 MB ( 56%) committed 
      Class space:        1.00 GB reserved,       1.25 MB ( <1%) committed 
             Both:        1.02 GB reserved,      10.25 MB ( <1%) committed 

Chunk freelists:
   Non-Class:  56.00 KB
       Class:  28.00 KB
        Both:  84.00 KB

MaxMetaspaceSize: 17179869184.00 GB
CompressedClassSpaceSize: 1.00 GB

CodeHeap 'non-profiled nmethods': size=120000Kb used=320Kb max_used=320Kb free=119679Kb
 bounds [0x00000270b6b10000, 0x00000270b6d80000, 0x00000270be040000]
CodeHeap 'profiled nmethods': size=120000Kb used=2456Kb max_used=2456Kb free=117544Kb
 bounds [0x00000270af5e0000, 0x00000270af850000, 0x00000270b6b10000]
CodeHeap 'non-nmethods': size=5760Kb used=1160Kb max_used=1173Kb free=4599Kb
 bounds [0x00000270af040000, 0x00000270af2b0000, 0x00000270af5e0000]
 total_blobs=1741 nmethods=1323 adapters=332
 compilation: enabled
              stopped_count=0, restarted_count=0
 full_count=0

Compilation events (20 events):
Event: 1.322 Thread 0x00000270c3c51490 nmethod 997 0x00000270af7c8310 code [0x00000270af7c84a0, 0x00000270af7c85c8]
Event: 1.322 Thread 0x00000270c3c51490 1000       2       java.lang.Class::reflectionData (43 bytes)
Event: 1.322 Thread 0x00000270c3c51490 nmethod 1000 0x00000270af7c8690 code [0x00000270af7c8840, 0x00000270af7c8a38]
Event: 1.322 Thread 0x00000270c3c51490 1007       2       java.lang.String::compareTo (9 bytes)
Event: 1.322 Thread 0x00000270c3c51490 nmethod 1007 0x00000270af7c8b90 code [0x00000270af7c8d40, 0x00000270af7c8e88]
Event: 1.322 Thread 0x00000270c3c51490 1005       2       com.google.common.collect.ComparisonChain::start (4 bytes)
Event: 1.322 Thread 0x00000270c3c51490 nmethod 1005 0x00000270af7c8f90 code [0x00000270af7c9120, 0x00000270af7c91f8]
Event: 1.322 Thread 0x00000270c3c51490 1006       2       com.google.common.collect.ComparisonChain$1::compare (12 bytes)
Event: 1.322 Thread 0x00000270c3c51490 nmethod 1006 0x00000270af7c9290 code [0x00000270af7c9440, 0x00000270af7c95a8]
Event: 1.322 Thread 0x00000270c3c51490 1002       2       java.lang.reflect.Method::isSynthetic (5 bytes)
Event: 1.323 Thread 0x00000270c3c51490 nmethod 1002 0x00000270af7c9690 code [0x00000270af7c9820, 0x00000270af7c9938]
Event: 1.323 Thread 0x00000270c3c51490 1003       2       java.lang.reflect.Executable::isSynthetic (8 bytes)
Event: 1.323 Thread 0x00000270c3c51490 nmethod 1003 0x00000270af7c9a10 code [0x00000270af7c9ba0, 0x00000270af7c9ce8]
Event: 1.323 Thread 0x00000270c3c51490 1004       2       java.lang.reflect.Modifier::isSynthetic (14 bytes)
Event: 1.323 Thread 0x00000270c3c51490 nmethod 1004 0x00000270af7c9d90 code [0x00000270af7c9f20, 0x00000270af7ca018]
Event: 1.325 Thread 0x00000270c3c51490 1009       2       java.lang.reflect.Field::getAnnotation (23 bytes)
Event: 1.325 Thread 0x00000270c3c51490 nmethod 1009 0x00000270af7ca090 code [0x00000270af7ca280, 0x00000270af7ca608]
Event: 1.326 Thread 0x00000270c3c51490 1010       2       com.google.common.base.Preconditions::checkNotNull (14 bytes)
Event: 1.326 Thread 0x00000270c3c51490 nmethod 1010 0x00000270af7ca810 code [0x00000270af7ca9c0, 0x00000270af7cab68]
Event: 1.326 Thread 0x00000270c3c51490 1013       2       com.google.inject.TypeLiteral::resolveType (309 bytes)

GC Heap History (4 events):
Event: 0.963 GC heap before
{Heap before GC invocations=0 (full 0):
 garbage-first heap   total 96256K, used 12288K [0x00000000a3200000, 0x0000000100000000)
  region size 1024K, 13 young (13312K), 0 survivors (0K)
 Metaspace       used 3840K, capacity 6867K, committed 7168K, reserved 1056768K
  class space    used 400K, capacity 693K, committed 768K, reserved 1048576K
}
Event: 0.973 GC heap after
{Heap after GC invocations=1 (full 0):
 garbage-first heap   total 96256K, used 3084K [0x00000000a3200000, 0x0000000100000000)
  region size 1024K, 2 young (2048K), 2 survivors (2048K)
 Metaspace       used 3840K, capacity 6867K, committed 7168K, reserved 1056768K
  class space    used 400K, capacity 693K, committed 768K, reserved 1048576K
}
Event: 1.305 GC heap before
{Heap before GC invocations=1 (full 0):
 garbage-first heap   total 96256K, used 15372K [0x00000000a3200000, 0x0000000100000000)
  region size 1024K, 14 young (14336K), 2 survivors (2048K)
 Metaspace       used 5245K, capacity 7798K, committed 8064K, reserved 1062912K
  class space    used 606K, capacity 854K, committed 896K, reserved 1048576K
}
Event: 1.312 GC heap after
{Heap after GC invocations=2 (full 0):
 garbage-first heap   total 96256K, used 3577K [0x00000000a3200000, 0x0000000100000000)
  region size 1024K, 1 young (1024K), 1 survivors (1024K)
 Metaspace       used 5245K, capacity 7798K, committed 8064K, reserved 1062912K
  class space    used 606K, capacity 854K, committed 896K, reserved 1048576K
}

Deoptimization events (20 events):
Event: 0.691 Thread 0x00000270a6e0ab30 Uncommon trap: trap_request=0xffffff45 fr.pc=0x00000270b6b17db4 relative=0x0000000000000034
Event: 0.691 Thread 0x00000270a6e0ab30 Uncommon trap: reason=unstable_if action=reinterpret pc=0x00000270b6b17db4 method=java.lang.StringLatin1.canEncode(I)Z @ 4 c2
Event: 0.691 Thread 0x00000270a6e0ab30 DEOPT PACKING pc=0x00000270b6b17db4 sp=0x000000abf82fdb10
Event: 0.691 Thread 0x00000270a6e0ab30 DEOPT UNPACKING pc=0x00000270af08e129 sp=0x000000abf82fdaa0 mode 2
Event: 1.102 Thread 0x00000270a6e0ab30 DEOPT PACKING pc=0x00000270af641410 sp=0x000000abf82fca40
Event: 1.102 Thread 0x00000270a6e0ab30 DEOPT UNPACKING pc=0x00000270af08df30 sp=0x000000abf82fbf58 mode 0
Event: 1.125 Thread 0x00000270a6e0ab30 Uncommon trap: trap_request=0xffffff45 fr.pc=0x00000270b6b2f828 relative=0x00000000000000a8
Event: 1.125 Thread 0x00000270a6e0ab30 Uncommon trap: reason=unstable_if action=reinterpret pc=0x00000270b6b2f828 method=org.codehaus.plexus.util.xml.pull.MXParser.more()C @ 8 c2
Event: 1.125 Thread 0x00000270a6e0ab30 DEOPT PACKING pc=0x00000270b6b2f828 sp=0x000000abf82fdaf0
Event: 1.125 Thread 0x00000270a6e0ab30 DEOPT UNPACKING pc=0x00000270af08e129 sp=0x000000abf82fda80 mode 2
Event: 1.165 Thread 0x00000270a6e0ab30 DEOPT PACKING pc=0x00000270af6531d5 sp=0x000000abf82fcef0
Event: 1.165 Thread 0x00000270a6e0ab30 DEOPT UNPACKING pc=0x00000270af08df30 sp=0x000000abf82fc350 mode 0
Event: 1.274 Thread 0x00000270a6e0ab30 DEOPT PACKING pc=0x00000270af69e23f sp=0x000000abf82fd410
Event: 1.274 Thread 0x00000270a6e0ab30 DEOPT UNPACKING pc=0x00000270af08df30 sp=0x000000abf82fc860 mode 0
Event: 1.276 Thread 0x00000270a6e0ab30 DEOPT PACKING pc=0x00000270af7bbb92 sp=0x000000abf82fd8d0
Event: 1.276 Thread 0x00000270a6e0ab30 DEOPT UNPACKING pc=0x00000270af08df30 sp=0x000000abf82fcd88 mode 0
Event: 1.284 Thread 0x00000270a6e0ab30 DEOPT PACKING pc=0x00000270af7bbb92 sp=0x000000abf82fd960
Event: 1.284 Thread 0x00000270a6e0ab30 DEOPT UNPACKING pc=0x00000270af08df30 sp=0x000000abf82fce18 mode 0
Event: 1.290 Thread 0x00000270a6e0ab30 DEOPT PACKING pc=0x00000270af7bbb92 sp=0x000000abf82fd810
Event: 1.290 Thread 0x00000270a6e0ab30 DEOPT UNPACKING pc=0x00000270af08df30 sp=0x000000abf82fccc8 mode 0

Classes unloaded (0 events):
No events

Classes redefined (0 events):
No events

Internal exceptions (2 events):
Event: 0.789 Thread 0x00000270a6e0ab30 Exception <a 'java/lang/NoSuchMethodError'{0x00000000a8669a38}: 'void java.lang.invoke.DirectMethodHandle$Holder.invokeSpecial(java.lang.Object, java.lang.Object, java.lang.Object)'> (0x00000000a8669a38) 
thrown [./open/src/hotspot/share/interpreter/linkResolver.cpp, line 782]
Event: 1.044 Thread 0x00000270a6e0ab30 Exception <a 'java/lang/NoSuchMethodError'{0x00000000a8ec3f30}: 'java.lang.Object java.lang.invoke.DirectMethodHandle$Holder.newInvokeSpecial(java.lang.Object, java.lang.Object, java.lang.Object, java.lang.Object, java.lang.Object)'> (0x00000000a8ec3f30) 
thrown [./open/src/hotspot/share/interpreter/linkResolver.cpp, line 782]

Events (20 events):
Event: 1.089 loading class java/lang/reflect/TypeVariable done
Event: 1.089 loading class java/lang/reflect/WildcardType
Event: 1.089 loading class java/lang/reflect/WildcardType done
Event: 1.091 loading class sun/reflect/generics/tree/TypeVariableSignature
Event: 1.091 loading class sun/reflect/generics/tree/TypeVariableSignature done
Event: 1.110 loading class java/lang/annotation/IncompleteAnnotationException
Event: 1.110 loading class java/lang/annotation/IncompleteAnnotationException done
Event: 1.162 Thread 0x00000270c50f0190 Thread added: 0x00000270c50f0190
Event: 1.211 loading class jdk/internal/access/foreign/MemorySegmentProxy
Event: 1.211 loading class jdk/internal/access/foreign/MemorySegmentProxy done
Event: 1.292 Executing VM operation: CollectForMetadataAllocation
Event: 1.292 Executing VM operation: CollectForMetadataAllocation done
Event: 1.302 loading class sun/reflect/generics/reflectiveObjects/TypeVariableImpl
Event: 1.302 loading class sun/reflect/generics/reflectiveObjects/LazyReflectiveObjectGenerator
Event: 1.302 loading class sun/reflect/generics/reflectiveObjects/LazyReflectiveObjectGenerator done
Event: 1.302 loading class sun/reflect/generics/reflectiveObjects/TypeVariableImpl done
Event: 1.302 loading class sun/reflect/generics/reflectiveObjects/ParameterizedTypeImpl
Event: 1.302 loading class sun/reflect/generics/reflectiveObjects/ParameterizedTypeImpl done
Event: 1.305 Executing VM operation: G1CollectForAllocation
Event: 1.312 Executing VM operation: G1CollectForAllocation done


Dynamic libraries:
0x00007ff799d20000 - 0x00007ff799d2f000 	E:\jdk-15.0.2\bin\java.exe
0x00007ffa8ddd0000 - 0x00007ffa8dfc5000 	C:\WINDOWS\SYSTEM32\ntdll.dll
0x00007ffa7c5c0000 - 0x00007ffa7c5d6000 	C:\Program Files\Avast Software\Avast\aswhook.dll
0x00007ffa8da70000 - 0x00007ffa8db2d000 	C:\WINDOWS\System32\KERNEL32.DLL
0x00007ffa8b510000 - 0x00007ffa8b7d8000 	C:\WINDOWS\System32\KERNELBASE.dll
0x00007ffa8bc80000 - 0x00007ffa8bd80000 	C:\WINDOWS\System32\ucrtbase.dll
0x00007ffa82a40000 - 0x00007ffa82a59000 	E:\jdk-15.0.2\bin\VCRUNTIME140.dll
0x00007ffa57ed0000 - 0x00007ffa57ee8000 	E:\jdk-15.0.2\bin\jli.dll
0x00007ffa8bf60000 - 0x00007ffa8c00c000 	C:\WINDOWS\System32\ADVAPI32.dll
0x00007ffa8c760000 - 0x00007ffa8c7fe000 	C:\WINDOWS\System32\msvcrt.dll
0x00007ffa8cfe0000 - 0x00007ffa8d07b000 	C:\WINDOWS\System32\sechost.dll
0x00007ffa8ceb0000 - 0x00007ffa8cfdb000 	C:\WINDOWS\System32\RPCRT4.dll
0x00007ffa8cd10000 - 0x00007ffa8ceb0000 	C:\WINDOWS\System32\USER32.dll
0x00007ffa8b9e0000 - 0x00007ffa8ba02000 	C:\WINDOWS\System32\win32u.dll
0x00007ffa8dd60000 - 0x00007ffa8dd8a000 	C:\WINDOWS\System32\GDI32.dll
0x00007ffa75870000 - 0x00007ffa75b0a000 	C:\WINDOWS\WinSxS\amd64_microsoft.windows.common-controls_6595b64144ccf1df_6.0.19041.844_none_ca00b6081b84eb1d\COMCTL32.dll
0x00007ffa8bb70000 - 0x00007ffa8bc7b000 	C:\WINDOWS\System32\gdi32full.dll
0x00007ffa8b940000 - 0x00007ffa8b9dd000 	C:\WINDOWS\System32\msvcp_win.dll
0x00007ffa81390000 - 0x00007ffa8139a000 	C:\WINDOWS\SYSTEM32\VERSION.dll
0x00007ffa8cce0000 - 0x00007ffa8cd10000 	C:\WINDOWS\System32\IMM32.DLL
0x00007ffa83aa0000 - 0x00007ffa83aac000 	E:\jdk-15.0.2\bin\vcruntime140_1.dll
0x00007ffa42400000 - 0x00007ffa42491000 	E:\jdk-15.0.2\bin\msvcp140.dll
0x00007ffa37b90000 - 0x00007ffa386ee000 	E:\jdk-15.0.2\bin\server\jvm.dll
0x00007ffa8dc00000 - 0x00007ffa8dc08000 	C:\WINDOWS\System32\PSAPI.DLL
0x00007ffa76520000 - 0x00007ffa76547000 	C:\WINDOWS\SYSTEM32\WINMM.dll
0x00007ffa7b320000 - 0x00007ffa7b329000 	C:\WINDOWS\SYSTEM32\WSOCK32.dll
0x00007ffa8c800000 - 0x00007ffa8c86b000 	C:\WINDOWS\System32\WS2_32.dll
0x00007ffa89640000 - 0x00007ffa89652000 	C:\WINDOWS\SYSTEM32\kernel.appcore.dll
0x00007ffa82a30000 - 0x00007ffa82a3a000 	E:\jdk-15.0.2\bin\jimage.dll
0x00007ffa80de0000 - 0x00007ffa80fc4000 	C:\WINDOWS\SYSTEM32\DBGHELP.DLL
0x00007ffa80db0000 - 0x00007ffa80ddc000 	C:\WINDOWS\SYSTEM32\dbgcore.DLL
0x00007ffa8baf0000 - 0x00007ffa8bb70000 	C:\WINDOWS\System32\bcryptPrimitives.dll
0x00007ffa6c600000 - 0x00007ffa6c625000 	E:\jdk-15.0.2\bin\java.dll
0x00007ffa8d090000 - 0x00007ffa8d7d2000 	C:\WINDOWS\System32\SHELL32.dll
0x00007ffa89660000 - 0x00007ffa89df0000 	C:\WINDOWS\SYSTEM32\windows.storage.dll
0x00007ffa8c370000 - 0x00007ffa8c6c5000 	C:\WINDOWS\System32\combase.dll
0x00007ffa8af80000 - 0x00007ffa8afac000 	C:\WINDOWS\SYSTEM32\Wldp.dll
0x00007ffa8db30000 - 0x00007ffa8dbde000 	C:\WINDOWS\System32\SHCORE.dll
0x00007ffa8c0e0000 - 0x00007ffa8c135000 	C:\WINDOWS\System32\shlwapi.dll
0x00007ffa8b450000 - 0x00007ffa8b46f000 	C:\WINDOWS\SYSTEM32\profapi.dll
0x00007ffa67fa0000 - 0x00007ffa67fb9000 	E:\jdk-15.0.2\bin\net.dll
0x00007ffa7e8a0000 - 0x00007ffa7e9ab000 	C:\WINDOWS\SYSTEM32\WINHTTP.dll
0x00007ffa8acf0000 - 0x00007ffa8ad5a000 	C:\WINDOWS\system32\mswsock.dll
0x00007ffa67740000 - 0x00007ffa67752000 	E:\jdk-15.0.2\bin\nio.dll
0x00007ffa656e0000 - 0x00007ffa656f8000 	E:\jdk-15.0.2\bin\zip.dll
0x00007ffa822e0000 - 0x00007ffa822f0000 	E:\jdk-15.0.2\bin\verify.dll
0x00007ffa74c30000 - 0x00007ffa74c3a000 	E:\NetBeans\NetBeans-12.0\netbeans\java\maven\lib\jansi-native\windows64\jansi.dll

dbghelp: loaded successfully - version: 4.0.5 - missing functions: none
symbol engine: initialized successfully - sym options: 0x614 - pdb path: .;E:\jdk-15.0.2\bin;C:\WINDOWS\SYSTEM32;C:\Program Files\Avast Software\Avast;C:\WINDOWS\WinSxS\amd64_microsoft.windows.common-controls_6595b64144ccf1df_6.0.19041.844_none_ca00b6081b84eb1d;E:\jdk-15.0.2\bin\server;E:\NetBeans\NetBeans-12.0\netbeans\java\maven\lib\jansi-native\windows64

VM Arguments:
jvm_args: -Dclassworlds.conf=E:\NetBeans\NetBeans-12.0\netbeans\java\maven\bin\..\bin\m2.conf -Dmaven.home=E:\NetBeans\NetBeans-12.0\netbeans\java\maven\bin\.. -Dlibrary.jansi.path=E:\NetBeans\NetBeans-12.0\netbeans\java\maven\bin\..\lib\jansi-native -Dmaven.multiModuleProjectDirectory=E:\Proyectos_JAVA\FEGPA 
java_command: org.codehaus.plexus.classworlds.launcher.Launcher -Dexec.args=-classpath %classpath Interfaces.Principal -Dexec.executable=E:\jdk-15.0.2\bin\java.exe -Dmaven.ext.class.path=E:\NetBeans\NetBeans-12.0\netbeans\java\maven-nblib\netbeans-eventspy.jar -Dfile.encoding=UTF-8 org.codehaus.mojo:exec-maven-plugin:1.5.0:exec
java_class_path (initial): E:\NetBeans\NetBeans-12.0\netbeans\java\maven\bin\..\boot\plexus-classworlds-2.6.0.jar
Launcher Type: SUN_STANDARD

[Global flags]
     intx CICompilerCount                          = 3                                         {product} {ergonomic}
     uint ConcGCThreads                            = 1                                         {product} {ergonomic}
     uint G1ConcRefinementThreads                  = 4                                         {product} {ergonomic}
   size_t G1HeapRegionSize                         = 1048576                                   {product} {ergonomic}
    uintx GCDrainStackTargetSize                   = 64                                        {product} {ergonomic}
   size_t InitialHeapSize                          = 98566144                                  {product} {ergonomic}
   size_t MarkStackSize                            = 4194304                                   {product} {ergonomic}
   size_t MaxHeapSize                              = 1558183936                                {product} {ergonomic}
   size_t MaxNewSize                               = 934281216                                 {product} {ergonomic}
   size_t MinHeapDeltaBytes                        = 1048576                                   {product} {ergonomic}
   size_t MinHeapSize                              = 8388608                                   {product} {ergonomic}
    uintx NonNMethodCodeHeapSize                   = 5832780                                {pd product} {ergonomic}
    uintx NonProfiledCodeHeapSize                  = 122912730                              {pd product} {ergonomic}
    uintx ProfiledCodeHeapSize                     = 122912730                              {pd product} {ergonomic}
    uintx ReservedCodeCacheSize                    = 251658240                              {pd product} {ergonomic}
     bool SegmentedCodeCache                       = true                                      {product} {ergonomic}
   size_t SoftMaxHeapSize                          = 1558183936                             {manageable} {ergonomic}
     bool UseCompressedClassPointers               = true                                 {lp64_product} {ergonomic}
     bool UseCompressedOops                        = true                                 {lp64_product} {ergonomic}
     bool UseG1GC                                  = true                                      {product} {ergonomic}
     bool UseLargePagesIndividualAllocation        = false                                  {pd product} {ergonomic}

Logging:
Log output configuration:
 #0: stdout all=warning uptime,level,tags
 #1: stderr all=off uptime,level,tags

Environment Variables:
JAVA_HOME=E:\jdk-15.0.2
PATH=C:\Program Files\Java\jre1.8.0_311\bin;C:\Program Files\Java\jdk_17.0.1\bin;C:\Program Files\Java\jdk-17.0.1;C:\Program Files (x86)\Common Files\Oracle\Java\javapath;C:\Program Files\Common Files\Oracle\Java\javapath;C:\Program Files (x86)\Common Files\Intel\Shared Libraries\redist\intel64\compiler;C:\WINDOWS\system32;C:\WINDOWS;C:\WINDOWS\System32\Wbem;C:\WINDOWS\System32\WindowsPowerShell\v1.0\;C:\Program Files\WIDCOMM\Bluetooth Software\;C:\Program Files\WIDCOMM\Bluetooth Software\syswow64;C:\WINDOWS\System32\OpenSSH\;C:\Program Files (x86)\QuickTime\QTSystem\;C:\Program Files\apache-maven-3.8.3\bin;C:\Program Files\Java\jre1.8.0_311;C:\Users\Bienvenido Daniel\AppData\Local\Microsoft\WindowsApps;C:\Program Files\Java\jdk_17.0.1\bin;C:\w64devkit\bin;C:\Users\Bienvenido Daniel\AppData\Local\Programs\Microsoft VS Code\bin;E:\IntelliJ IDEA Community Edition 2021.2.2\bin;;
USERNAME=Bienvenido Daniel
OS=Windows_NT
PROCESSOR_IDENTIFIER=Intel64 Family 6 Model 37 Stepping 5, GenuineIntel



---------------  S Y S T E M  ---------------

OS:
 Windows 10 , 64 bit Build 19041 (10.0.19041.928)
OS uptime: 1 days 7:00 hours

CPU: total 4 (initial active 4) (2 cores per cpu, 2 threads per core) family 6 model 37 stepping 5 microcode 0x7, cmov, cx8, fxsr, mmx, sse, sse2, sse3, ssse3, sse4.1, sse4.2, popcnt, aes, clmul, ht, tsc, tscinvbit, clflush

Memory: 4k page, system-wide physical 5939M (1099M free)
TotalPageFile size 9431M (AvailPageFile size 0M)
current process WorkingSet (physical memory assigned to process): 80M, peak: 80M
current process commit charge ("private bytes"): 192M, peak: 192M

vm_info: Java HotSpot(TM) 64-Bit Server VM (15.0.2+7-27) for windows-amd64 JRE (15.0.2+7-27), built on Dec  7 2020 20:07:01 by "mach5one" with unknown MS VC++:1925

END.
